Build started 3/26/2014 7:21:51 PM.
     1>Project "C:\Users\CptCrunch\Desktop\ssGame\ssGame\ssGame\ssGame.vcxproj" on node 2 (Build target(s)).
     1>ClCompile:
         C:\Program Files (x86)\Microsoft Visual Studio 12.0\VC\bin\CL.exe /c /I"C:\Users\CptCrunch\Desktop\ssGame\libraries\SDL2_image-2.0.0\include" /I"C:\Users\CptCrunch\Desktop\ssGame\libraries\SDL2_mixer-2.0.0\include" /I"C:\Users\CptCrunch\Desktop\ssGame\libraries\SDL2-2.0.0\include" /ZI /nologo /W3 /WX- /sdl /Od /Oy- /D WIN32 /D _DEBUG /D _CONSOLE /D _LIB /D _UNICODE /D UNICODE /Gm /EHsc /RTC1 /MDd /GS /fp:precise /Zc:wchar_t /Zc:forScope /Fo"Debug\\" /Fd"Debug\vc120.pdb" /Gd /TP /analyze- /errorReport:prompt MainCharacter.cpp
         MainCharacter.cpp
     1>c:\users\cptcrunch\desktop\ssgame\ssgame\ssgame\maincharacter.cpp(14): warning C4244: 'argument' : conversion from 'int' to 'float', possible loss of data
     1>c:\users\cptcrunch\desktop\ssgame\ssgame\ssgame\maincharacter.cpp(46): warning C4018: '<' : signed/unsigned mismatch
       Link:
         C:\Program Files (x86)\Microsoft Visual Studio 12.0\VC\bin\link.exe /ERRORREPORT:PROMPT /OUT:"C:\Users\CptCrunch\Desktop\ssGame\ssGame\Debug\ssGame.exe" /INCREMENTAL /NOLOGO /LIBPATH:"C:\Users\CptCrunch\Desktop\ssGame\libraries\SDL2-2.0.0\lib\x86" /LIBPATH:"C:\Users\CptCrunch\Desktop\ssGame\libraries\SDL2_mixer-2.0.0\lib\x86" /LIBPATH:"C:\Users\CptCrunch\Desktop\ssGame\libraries\SDL2_image-2.0.0\lib\x86" SDL2_image.lib SDL2_mixer.lib SDL2.lib SDL2main.lib kernel32.lib user32.lib gdi32.lib winspool.lib comdlg32.lib advapi32.lib shell32.lib ole32.lib oleaut32.lib uuid.lib odbc32.lib odbccp32.lib /MANIFEST /MANIFESTUAC:"level='asInvoker' uiAccess='false'" /manifest:embed /DEBUG /PDB:"C:\Users\CptCrunch\Desktop\ssGame\ssGame\Debug\ssGame.pdb" /SUBSYSTEM:CONSOLE /TLBID:1 /DYNAMICBASE /NXCOMPAT /IMPLIB:"C:\Users\CptCrunch\Desktop\ssGame\ssGame\Debug\ssGame.lib" /MACHINE:X86 Debug\CollisionRect.obj
         Debug\Environment.obj
         Debug\GlobalState.obj
         Debug\MainCharacter.obj
         Debug\Point.obj
         Debug\SDL_Setup.obj
         Debug\Sprite.obj
         Debug\ssGame.obj
         Debug\ssLoop.obj
         ssGame.vcxproj -> C:\Users\CptCrunch\Desktop\ssGame\ssGame\Debug\ssGame.exe
     1>Done Building Project "C:\Users\CptCrunch\Desktop\ssGame\ssGame\ssGame\ssGame.vcxproj" (Build target(s)).

Build succeeded.

Time Elapsed 00:00:01.29
